ARM GAS  /tmp/ccExkgbn.s 			page 1


   1              		.cpu cortex-m3
   2              		.arch armv7-m
   3              		.fpu softvfp
   4              		.eabi_attribute 20, 1
   5              		.eabi_attribute 21, 1
   6              		.eabi_attribute 23, 3
   7              		.eabi_attribute 24, 1
   8              		.eabi_attribute 25, 1
   9              		.eabi_attribute 26, 1
  10              		.eabi_attribute 30, 1
  11              		.eabi_attribute 34, 1
  12              		.eabi_attribute 18, 4
  13              		.file	"stm32f1xx_hal_msp.c"
  14              		.text
  15              	.Ltext0:
  16              		.cfi_sections	.debug_frame
  17              		.file 1 "Core/Src/stm32f1xx_hal_msp.c"
  18              		.section	.text.HAL_MspInit,"ax",%progbits
  19              		.align	1
  20              		.global	HAL_MspInit
  21              		.syntax unified
  22              		.thumb
  23              		.thumb_func
  25              	HAL_MspInit:
  26              	.LFB65:
   1:Core/Src/stm32f1xx_hal_msp.c **** /* USER CODE BEGIN Header */
   2:Core/Src/stm32f1xx_hal_msp.c **** /**
   3:Core/Src/stm32f1xx_hal_msp.c ****   ******************************************************************************
   4:Core/Src/stm32f1xx_hal_msp.c ****   * @file         stm32f1xx_hal_msp.c
   5:Core/Src/stm32f1xx_hal_msp.c ****   * @brief        This file provides code for the MSP Initialization
   6:Core/Src/stm32f1xx_hal_msp.c ****   *               and de-Initialization codes.
   7:Core/Src/stm32f1xx_hal_msp.c ****   ******************************************************************************
   8:Core/Src/stm32f1xx_hal_msp.c ****   * @attention
   9:Core/Src/stm32f1xx_hal_msp.c ****   *
  10:Core/Src/stm32f1xx_hal_msp.c ****   * Copyright (c) 2026 STMicroelectronics.
  11:Core/Src/stm32f1xx_hal_msp.c ****   * All rights reserved.
  12:Core/Src/stm32f1xx_hal_msp.c ****   *
  13:Core/Src/stm32f1xx_hal_msp.c ****   * This software is licensed under terms that can be found in the LICENSE file
  14:Core/Src/stm32f1xx_hal_msp.c ****   * in the root directory of this software component.
  15:Core/Src/stm32f1xx_hal_msp.c ****   * If no LICENSE file comes with this software, it is provided AS-IS.
  16:Core/Src/stm32f1xx_hal_msp.c ****   *
  17:Core/Src/stm32f1xx_hal_msp.c ****   ******************************************************************************
  18:Core/Src/stm32f1xx_hal_msp.c ****   */
  19:Core/Src/stm32f1xx_hal_msp.c **** /* USER CODE END Header */
  20:Core/Src/stm32f1xx_hal_msp.c **** /* Includes ------------------------------------------------------------------*/
  21:Core/Src/stm32f1xx_hal_msp.c **** #include "main.h"
  22:Core/Src/stm32f1xx_hal_msp.c **** /* USER CODE BEGIN Includes */
  23:Core/Src/stm32f1xx_hal_msp.c **** 
  24:Core/Src/stm32f1xx_hal_msp.c **** /* USER CODE END Includes */
  25:Core/Src/stm32f1xx_hal_msp.c **** 
  26:Core/Src/stm32f1xx_hal_msp.c **** /* Private typedef -----------------------------------------------------------*/
  27:Core/Src/stm32f1xx_hal_msp.c **** /* USER CODE BEGIN TD */
  28:Core/Src/stm32f1xx_hal_msp.c **** 
  29:Core/Src/stm32f1xx_hal_msp.c **** /* USER CODE END TD */
  30:Core/Src/stm32f1xx_hal_msp.c **** 
  31:Core/Src/stm32f1xx_hal_msp.c **** /* Private define ------------------------------------------------------------*/
  32:Core/Src/stm32f1xx_hal_msp.c **** /* USER CODE BEGIN Define */
ARM GAS  /tmp/ccExkgbn.s 			page 2


  33:Core/Src/stm32f1xx_hal_msp.c **** 
  34:Core/Src/stm32f1xx_hal_msp.c **** /* USER CODE END Define */
  35:Core/Src/stm32f1xx_hal_msp.c **** 
  36:Core/Src/stm32f1xx_hal_msp.c **** /* Private macro -------------------------------------------------------------*/
  37:Core/Src/stm32f1xx_hal_msp.c **** /* USER CODE BEGIN Macro */
  38:Core/Src/stm32f1xx_hal_msp.c **** 
  39:Core/Src/stm32f1xx_hal_msp.c **** /* USER CODE END Macro */
  40:Core/Src/stm32f1xx_hal_msp.c **** 
  41:Core/Src/stm32f1xx_hal_msp.c **** /* Private variables ---------------------------------------------------------*/
  42:Core/Src/stm32f1xx_hal_msp.c **** /* USER CODE BEGIN PV */
  43:Core/Src/stm32f1xx_hal_msp.c **** 
  44:Core/Src/stm32f1xx_hal_msp.c **** /* USER CODE END PV */
  45:Core/Src/stm32f1xx_hal_msp.c **** 
  46:Core/Src/stm32f1xx_hal_msp.c **** /* Private function prototypes -----------------------------------------------*/
  47:Core/Src/stm32f1xx_hal_msp.c **** /* USER CODE BEGIN PFP */
  48:Core/Src/stm32f1xx_hal_msp.c **** 
  49:Core/Src/stm32f1xx_hal_msp.c **** /* USER CODE END PFP */
  50:Core/Src/stm32f1xx_hal_msp.c **** 
  51:Core/Src/stm32f1xx_hal_msp.c **** /* External functions --------------------------------------------------------*/
  52:Core/Src/stm32f1xx_hal_msp.c **** /* USER CODE BEGIN ExternalFunctions */
  53:Core/Src/stm32f1xx_hal_msp.c **** 
  54:Core/Src/stm32f1xx_hal_msp.c **** /* USER CODE END ExternalFunctions */
  55:Core/Src/stm32f1xx_hal_msp.c **** 
  56:Core/Src/stm32f1xx_hal_msp.c **** /* USER CODE BEGIN 0 */
  57:Core/Src/stm32f1xx_hal_msp.c **** 
  58:Core/Src/stm32f1xx_hal_msp.c **** /* USER CODE END 0 */
  59:Core/Src/stm32f1xx_hal_msp.c **** /**
  60:Core/Src/stm32f1xx_hal_msp.c ****   * Initializes the Global MSP.
  61:Core/Src/stm32f1xx_hal_msp.c ****   */
  62:Core/Src/stm32f1xx_hal_msp.c **** void HAL_MspInit(void)
  63:Core/Src/stm32f1xx_hal_msp.c **** {
  27              		.loc 1 63 1 view -0
  28              		.cfi_startproc
  29              		@ args = 0, pretend = 0, frame = 8
  30              		@ frame_needed = 0, uses_anonymous_args = 0
  31              		@ link register save eliminated.
  32 0000 82B0     		sub	sp, sp, #8
  33              	.LCFI0:
  34              		.cfi_def_cfa_offset 8
  64:Core/Src/stm32f1xx_hal_msp.c **** 
  65:Core/Src/stm32f1xx_hal_msp.c ****   /* USER CODE BEGIN MspInit 0 */
  66:Core/Src/stm32f1xx_hal_msp.c **** 
  67:Core/Src/stm32f1xx_hal_msp.c ****   /* USER CODE END MspInit 0 */
  68:Core/Src/stm32f1xx_hal_msp.c **** 
  69:Core/Src/stm32f1xx_hal_msp.c ****   __HAL_RCC_AFIO_CLK_ENABLE();
  35              		.loc 1 69 3 view .LVU1
  36              	.LBB2:
  37              		.loc 1 69 3 view .LVU2
  38              		.loc 1 69 3 view .LVU3
  39 0002 0E4B     		ldr	r3, .L3
  40 0004 9A69     		ldr	r2, [r3, #24]
  41 0006 42F00102 		orr	r2, r2, #1
  42 000a 9A61     		str	r2, [r3, #24]
  43              		.loc 1 69 3 view .LVU4
  44 000c 9A69     		ldr	r2, [r3, #24]
  45 000e 02F00102 		and	r2, r2, #1
  46 0012 0092     		str	r2, [sp]
ARM GAS  /tmp/ccExkgbn.s 			page 3


  47              		.loc 1 69 3 view .LVU5
  48 0014 009A     		ldr	r2, [sp]
  49              	.LBE2:
  50              		.loc 1 69 3 view .LVU6
  70:Core/Src/stm32f1xx_hal_msp.c ****   __HAL_RCC_PWR_CLK_ENABLE();
  51              		.loc 1 70 3 view .LVU7
  52              	.LBB3:
  53              		.loc 1 70 3 view .LVU8
  54              		.loc 1 70 3 view .LVU9
  55 0016 DA69     		ldr	r2, [r3, #28]
  56 0018 42F08052 		orr	r2, r2, #268435456
  57 001c DA61     		str	r2, [r3, #28]
  58              		.loc 1 70 3 view .LVU10
  59 001e DB69     		ldr	r3, [r3, #28]
  60 0020 03F08053 		and	r3, r3, #268435456
  61 0024 0193     		str	r3, [sp, #4]
  62              		.loc 1 70 3 view .LVU11
  63 0026 019B     		ldr	r3, [sp, #4]
  64              	.LBE3:
  65              		.loc 1 70 3 view .LVU12
  71:Core/Src/stm32f1xx_hal_msp.c **** 
  72:Core/Src/stm32f1xx_hal_msp.c ****   /* System interrupt init*/
  73:Core/Src/stm32f1xx_hal_msp.c **** 
  74:Core/Src/stm32f1xx_hal_msp.c ****   /** DISABLE: JTAG-DP Disabled and SW-DP Disabled
  75:Core/Src/stm32f1xx_hal_msp.c ****   */
  76:Core/Src/stm32f1xx_hal_msp.c ****   __HAL_AFIO_REMAP_SWJ_DISABLE();
  66              		.loc 1 76 3 view .LVU13
  67              	.LBB4:
  68              		.loc 1 76 3 view .LVU14
  69 0028 054A     		ldr	r2, .L3+4
  70 002a 5368     		ldr	r3, [r2, #4]
  71              	.LVL0:
  72              		.loc 1 76 3 view .LVU15
  73 002c 23F0E063 		bic	r3, r3, #117440512
  74              	.LVL1:
  75              		.loc 1 76 3 view .LVU16
  76 0030 43F08063 		orr	r3, r3, #67108864
  77              	.LVL2:
  78              		.loc 1 76 3 view .LVU17
  79 0034 5360     		str	r3, [r2, #4]
  80              	.LBE4:
  81              		.loc 1 76 3 view .LVU18
  77:Core/Src/stm32f1xx_hal_msp.c **** 
  78:Core/Src/stm32f1xx_hal_msp.c ****   /* USER CODE BEGIN MspInit 1 */
  79:Core/Src/stm32f1xx_hal_msp.c **** 
  80:Core/Src/stm32f1xx_hal_msp.c ****   /* USER CODE END MspInit 1 */
  81:Core/Src/stm32f1xx_hal_msp.c **** }
  82              		.loc 1 81 1 is_stmt 0 view .LVU19
  83 0036 02B0     		add	sp, sp, #8
  84              	.LCFI1:
  85              		.cfi_def_cfa_offset 0
  86              		@ sp needed
  87 0038 7047     		bx	lr
  88              	.L4:
  89 003a 00BF     		.align	2
  90              	.L3:
  91 003c 00100240 		.word	1073876992
ARM GAS  /tmp/ccExkgbn.s 			page 4


  92 0040 00000140 		.word	1073807360
  93              		.cfi_endproc
  94              	.LFE65:
  96              		.section	.text.HAL_TIM_Base_MspInit,"ax",%progbits
  97              		.align	1
  98              		.global	HAL_TIM_Base_MspInit
  99              		.syntax unified
 100              		.thumb
 101              		.thumb_func
 103              	HAL_TIM_Base_MspInit:
 104              	.LVL3:
 105              	.LFB66:
  82:Core/Src/stm32f1xx_hal_msp.c **** 
  83:Core/Src/stm32f1xx_hal_msp.c **** /**
  84:Core/Src/stm32f1xx_hal_msp.c ****   * @brief TIM_Base MSP Initialization
  85:Core/Src/stm32f1xx_hal_msp.c ****   * This function configures the hardware resources used in this example
  86:Core/Src/stm32f1xx_hal_msp.c ****   * @param htim_base: TIM_Base handle pointer
  87:Core/Src/stm32f1xx_hal_msp.c ****   * @retval None
  88:Core/Src/stm32f1xx_hal_msp.c ****   */
  89:Core/Src/stm32f1xx_hal_msp.c **** void HAL_TIM_Base_MspInit(TIM_HandleTypeDef* htim_base)
  90:Core/Src/stm32f1xx_hal_msp.c **** {
 106              		.loc 1 90 1 is_stmt 1 view -0
 107              		.cfi_startproc
 108              		@ args = 0, pretend = 0, frame = 8
 109              		@ frame_needed = 0, uses_anonymous_args = 0
 110              		@ link register save eliminated.
  91:Core/Src/stm32f1xx_hal_msp.c ****   if(htim_base->Instance==TIM1)
 111              		.loc 1 91 3 view .LVU21
 112              		.loc 1 91 15 is_stmt 0 view .LVU22
 113 0000 0268     		ldr	r2, [r0]
 114              		.loc 1 91 5 view .LVU23
 115 0002 094B     		ldr	r3, .L12
 116 0004 9A42     		cmp	r2, r3
 117 0006 00D0     		beq	.L11
 118 0008 7047     		bx	lr
 119              	.L11:
  90:Core/Src/stm32f1xx_hal_msp.c ****   if(htim_base->Instance==TIM1)
 120              		.loc 1 90 1 view .LVU24
 121 000a 82B0     		sub	sp, sp, #8
 122              	.LCFI2:
 123              		.cfi_def_cfa_offset 8
  92:Core/Src/stm32f1xx_hal_msp.c ****   {
  93:Core/Src/stm32f1xx_hal_msp.c ****     /* USER CODE BEGIN TIM1_MspInit 0 */
  94:Core/Src/stm32f1xx_hal_msp.c **** 
  95:Core/Src/stm32f1xx_hal_msp.c ****     /* USER CODE END TIM1_MspInit 0 */
  96:Core/Src/stm32f1xx_hal_msp.c ****     /* Peripheral clock enable */
  97:Core/Src/stm32f1xx_hal_msp.c ****     __HAL_RCC_TIM1_CLK_ENABLE();
 124              		.loc 1 97 5 is_stmt 1 view .LVU25
 125              	.LBB5:
 126              		.loc 1 97 5 view .LVU26
 127              		.loc 1 97 5 view .LVU27
 128 000c 03F56443 		add	r3, r3, #58368
 129 0010 9A69     		ldr	r2, [r3, #24]
 130 0012 42F40062 		orr	r2, r2, #2048
 131 0016 9A61     		str	r2, [r3, #24]
 132              		.loc 1 97 5 view .LVU28
 133 0018 9B69     		ldr	r3, [r3, #24]
ARM GAS  /tmp/ccExkgbn.s 			page 5


 134 001a 03F40063 		and	r3, r3, #2048
 135 001e 0193     		str	r3, [sp, #4]
 136              		.loc 1 97 5 view .LVU29
 137 0020 019B     		ldr	r3, [sp, #4]
 138              	.LBE5:
 139              		.loc 1 97 5 view .LVU30
  98:Core/Src/stm32f1xx_hal_msp.c ****     /* USER CODE BEGIN TIM1_MspInit 1 */
  99:Core/Src/stm32f1xx_hal_msp.c **** 
 100:Core/Src/stm32f1xx_hal_msp.c ****     /* USER CODE END TIM1_MspInit 1 */
 101:Core/Src/stm32f1xx_hal_msp.c **** 
 102:Core/Src/stm32f1xx_hal_msp.c ****   }
 103:Core/Src/stm32f1xx_hal_msp.c **** 
 104:Core/Src/stm32f1xx_hal_msp.c **** }
 140              		.loc 1 104 1 is_stmt 0 view .LVU31
 141 0022 02B0     		add	sp, sp, #8
 142              	.LCFI3:
 143              		.cfi_def_cfa_offset 0
 144              		@ sp needed
 145 0024 7047     		bx	lr
 146              	.L13:
 147 0026 00BF     		.align	2
 148              	.L12:
 149 0028 002C0140 		.word	1073818624
 150              		.cfi_endproc
 151              	.LFE66:
 153              		.section	.text.HAL_TIM_Base_MspDeInit,"ax",%progbits
 154              		.align	1
 155              		.global	HAL_TIM_Base_MspDeInit
 156              		.syntax unified
 157              		.thumb
 158              		.thumb_func
 160              	HAL_TIM_Base_MspDeInit:
 161              	.LVL4:
 162              	.LFB67:
 105:Core/Src/stm32f1xx_hal_msp.c **** 
 106:Core/Src/stm32f1xx_hal_msp.c **** /**
 107:Core/Src/stm32f1xx_hal_msp.c ****   * @brief TIM_Base MSP De-Initialization
 108:Core/Src/stm32f1xx_hal_msp.c ****   * This function freeze the hardware resources used in this example
 109:Core/Src/stm32f1xx_hal_msp.c ****   * @param htim_base: TIM_Base handle pointer
 110:Core/Src/stm32f1xx_hal_msp.c ****   * @retval None
 111:Core/Src/stm32f1xx_hal_msp.c ****   */
 112:Core/Src/stm32f1xx_hal_msp.c **** void HAL_TIM_Base_MspDeInit(TIM_HandleTypeDef* htim_base)
 113:Core/Src/stm32f1xx_hal_msp.c **** {
 163              		.loc 1 113 1 is_stmt 1 view -0
 164              		.cfi_startproc
 165              		@ args = 0, pretend = 0, frame = 0
 166              		@ frame_needed = 0, uses_anonymous_args = 0
 167              		@ link register save eliminated.
 114:Core/Src/stm32f1xx_hal_msp.c ****   if(htim_base->Instance==TIM1)
 168              		.loc 1 114 3 view .LVU33
 169              		.loc 1 114 15 is_stmt 0 view .LVU34
 170 0000 0268     		ldr	r2, [r0]
 171              		.loc 1 114 5 view .LVU35
 172 0002 054B     		ldr	r3, .L17
 173 0004 9A42     		cmp	r2, r3
 174 0006 00D0     		beq	.L16
 175              	.L14:
ARM GAS  /tmp/ccExkgbn.s 			page 6


 115:Core/Src/stm32f1xx_hal_msp.c ****   {
 116:Core/Src/stm32f1xx_hal_msp.c ****     /* USER CODE BEGIN TIM1_MspDeInit 0 */
 117:Core/Src/stm32f1xx_hal_msp.c **** 
 118:Core/Src/stm32f1xx_hal_msp.c ****     /* USER CODE END TIM1_MspDeInit 0 */
 119:Core/Src/stm32f1xx_hal_msp.c ****     /* Peripheral clock disable */
 120:Core/Src/stm32f1xx_hal_msp.c ****     __HAL_RCC_TIM1_CLK_DISABLE();
 121:Core/Src/stm32f1xx_hal_msp.c ****     /* USER CODE BEGIN TIM1_MspDeInit 1 */
 122:Core/Src/stm32f1xx_hal_msp.c **** 
 123:Core/Src/stm32f1xx_hal_msp.c ****     /* USER CODE END TIM1_MspDeInit 1 */
 124:Core/Src/stm32f1xx_hal_msp.c ****   }
 125:Core/Src/stm32f1xx_hal_msp.c **** 
 126:Core/Src/stm32f1xx_hal_msp.c **** }
 176              		.loc 1 126 1 view .LVU36
 177 0008 7047     		bx	lr
 178              	.L16:
 120:Core/Src/stm32f1xx_hal_msp.c ****     /* USER CODE BEGIN TIM1_MspDeInit 1 */
 179              		.loc 1 120 5 is_stmt 1 view .LVU37
 180 000a 044A     		ldr	r2, .L17+4
 181 000c 9369     		ldr	r3, [r2, #24]
 182 000e 23F40063 		bic	r3, r3, #2048
 183 0012 9361     		str	r3, [r2, #24]
 184              		.loc 1 126 1 is_stmt 0 view .LVU38
 185 0014 F8E7     		b	.L14
 186              	.L18:
 187 0016 00BF     		.align	2
 188              	.L17:
 189 0018 002C0140 		.word	1073818624
 190 001c 00100240 		.word	1073876992
 191              		.cfi_endproc
 192              	.LFE67:
 194              		.text
 195              	.Letext0:
 196              		.file 2 "/home/aly/st/stm32cubeide_2.1.1/plugins/com.st.stm32cube.ide.mcu.externaltools.gnu-tools-
 197              		.file 3 "/home/aly/st/stm32cubeide_2.1.1/plugins/com.st.stm32cube.ide.mcu.externaltools.gnu-tools-
 198              		.file 4 "Drivers/CMSIS/Device/ST/STM32F1xx/Include/stm32f103xb.h"
 199              		.file 5 "Drivers/STM32F1xx_HAL_Driver/Inc/stm32f1xx_hal_def.h"
 200              		.file 6 "Drivers/STM32F1xx_HAL_Driver/Inc/stm32f1xx_hal_dma.h"
 201              		.file 7 "Drivers/STM32F1xx_HAL_Driver/Inc/stm32f1xx_hal_tim.h"
ARM GAS  /tmp/ccExkgbn.s 			page 7


DEFINED SYMBOLS
                            *ABS*:00000000 stm32f1xx_hal_msp.c
     /tmp/ccExkgbn.s:19     .text.HAL_MspInit:00000000 $t
     /tmp/ccExkgbn.s:25     .text.HAL_MspInit:00000000 HAL_MspInit
     /tmp/ccExkgbn.s:91     .text.HAL_MspInit:0000003c $d
     /tmp/ccExkgbn.s:97     .text.HAL_TIM_Base_MspInit:00000000 $t
     /tmp/ccExkgbn.s:103    .text.HAL_TIM_Base_MspInit:00000000 HAL_TIM_Base_MspInit
     /tmp/ccExkgbn.s:149    .text.HAL_TIM_Base_MspInit:00000028 $d
     /tmp/ccExkgbn.s:154    .text.HAL_TIM_Base_MspDeInit:00000000 $t
     /tmp/ccExkgbn.s:160    .text.HAL_TIM_Base_MspDeInit:00000000 HAL_TIM_Base_MspDeInit
     /tmp/ccExkgbn.s:189    .text.HAL_TIM_Base_MspDeInit:00000018 $d

NO UNDEFINED SYMBOLS
